0 info it worked if it ends with ok
1 verbose cli [ '/opt/atom/resources/app/apm/bin/node',
1 verbose cli   '/opt/atom/resources/app/apm/node_modules/npm/bin/npm-cli.js',
1 verbose cli   'version',
1 verbose cli   '1.3.1',
1 verbose cli   '-m',
1 verbose cli   'Prepare %s release' ]
2 info using npm@2.13.3
3 info using node@v0.10.40
4 verbose stack Error: Version not changed
4 verbose stack     at /opt/atom/resources/app/apm/node_modules/npm/lib/version.js:51:49
4 verbose stack     at /opt/atom/resources/app/apm/node_modules/npm/node_modules/graceful-fs/graceful-fs.js:76:16
4 verbose stack     at fs.js:272:14
4 verbose stack     at /opt/atom/resources/app/apm/node_modules/npm/node_modules/graceful-fs/graceful-fs.js:42:10
4 verbose stack     at Object.oncomplete (fs.js:108:15)
5 verbose cwd /home/zeioth/workspaces/Forks propios/atom-visual-studio-code-ui
6 error Linux 4.2.0-16-generic
7 error argv "/opt/atom/resources/app/apm/bin/node" "/opt/atom/resources/app/apm/node_modules/npm/bin/npm-cli.js" "version" "1.3.1" "-m" "Prepare %s release"
8 error node v0.10.40
9 error npm  v2.13.3
10 error Version not changed
11 error If you need help, you may report this error at:
11 error     <https://github.com/npm/npm/issues>
12 verbose exit [ 1, true ]
